Using pre-set license
Built from '2020.2/release' branch; Version is '2020.2.4f1 (becced5a802b) revision 12504301'; Using compiler version '192528614'; Build Type 'Release'
OS: 'Windows 10 Pro; OS build 19042.804; Version 2009; 64bit' Language: 'es' Physical Memory: 16329 MB
BatchMode: 1, IsHumanControllingUs: 0, StartBugReporterOnCrash: 0, Is64bit: 1, IsPro: 0

 COMMAND LINE ARGUMENTS:
C:\Program Files\Unity\Hub\Editor\2020.2.4f1\Editor\Unity.exe
-adb2
-batchMode
-noUpm
-name
AssetImportWorker0
-projectPath
G:/Smols/Smols
-logFile
Logs/AssetImportWorker0.log
-srvPort
60599
Successfully changed project path to: G:/Smols/Smols
G:/Smols/Smols
Using Asset Import Pipeline V2.
Refreshing native plugins compatible for Editor in 22.73 ms, found 0 plugins.
Preloading 0 native plugins for Editor in 0.00 ms.
Initialize engine version: 2020.2.4f1 (becced5a802b)
[Subsystems] Discovering subsystems at path C:/Program Files/Unity/Hub/Editor/2020.2.4f1/Editor/Data/Resources/UnitySubsystems
[Subsystems] Discovering subsystems at path G:/Smols/Smols/Assets
GfxDevice: creating device client; threaded=0
Direct3D:
    Version:  Direct3D 11.0 [level 11.1]
    Renderer: NVIDIA GeForce GTX 1060 3GB (ID=0x1c02)
    Vendor:   
    VRAM:     2988 MB
    Driver:   27.21.14.6079
Initialize mono
Mono path[0] = 'C:/Program Files/Unity/Hub/Editor/2020.2.4f1/Editor/Data/Managed'
Mono path[1] = 'C:/Program Files/Unity/Hub/Editor/2020.2.4f1/Editor/Data/MonoBleedingEdge/lib/mono/unityjit'
Mono config path = 'C:/Program Files/Unity/Hub/Editor/2020.2.4f1/Editor/Data/MonoBleedingEdge/etc'
Using monoOptions --debugger-agent=transport=dt_socket,embedding=1,server=y,suspend=n,address=127.0.0.1:56856
Begin MonoManager ReloadAssembly
Registering precompiled unity dll's ...
Register platform support module: C:/Program Files/Unity/Hub/Editor/2020.2.4f1/Editor/Data/PlaybackEngines/WindowsStandaloneSupport/UnityEditor.WindowsStandalone.Extensions.dll
Registered in 0.001946 seconds.
Native extension for WindowsStandalone target not found
Refreshing native plugins compatible for Editor in 22.27 ms, found 0 plugins.
Preloading 0 native plugins for Editor in 0.00 ms.
Invoked RoslynAnalysisRunner static constructor.
RoslynAnalysisRunner will not be running.
RoslynAnalysisRunner has terminated.
Mono: successfully reloaded assembly
- Completed reload, in  0.963 seconds
Platform modules already initialized, skipping
Registering precompiled user dll's ...
Registered in 0.001537 seconds.
Begin MonoManager ReloadAssembly
Native extension for WindowsStandalone target not found
Refreshing native plugins compatible for Editor in 0.24 ms, found 0 plugins.
Preloading 0 native plugins for Editor in 0.00 ms.
Invoked RoslynAnalysisRunner static constructor.
RoslynAnalysisRunner will not be running.
RoslynAnalysisRunner has terminated.
Find all reader and writers took 71 milliseconds
Script Module: UnityEngine.UI.dll
Weave behaviours and messages took65 milliseconds
Find all reader and writers took 70 milliseconds
Script Module: SimpleWebTransport.dll
Weave behaviours and messages took5 milliseconds
Find all reader and writers took 61 milliseconds
Script Module: UnityEngine.TestRunner.dll
Weave behaviours and messages took19 milliseconds
Find all reader and writers took 53 milliseconds
Script Module: Mirror.Cloud.dll
Weave behaviours and messages took2 milliseconds
Find all reader and writers took 53 milliseconds
Script Module: Unity.Timeline.dll
Weave behaviours and messages took26 milliseconds
Find all reader and writers took 60 milliseconds
Script Module: Mirror.Examples.dll
[Projectile] NetworkBehaviourProcessor
[Tank] NetworkBehaviourProcessor
[NetworkRoomPlayer] NetworkBehaviourProcessor
[NetworkRoomPlayerExt] NetworkBehaviourProcessor
[PlayerController] NetworkBehaviourProcessor
[PlayerScore] NetworkBehaviourProcessor
[RandomColor] NetworkBehaviourProcessor
[Reward] NetworkBehaviourProcessor
[AddForce] NetworkBehaviourProcessor
[Ball] NetworkBehaviourProcessor
[Player] NetworkBehaviourProcessor
[MatchController] NetworkBehaviourProcessor
[PhysicsCollision] NetworkBehaviourProcessor
[PlayerController] NetworkBehaviourProcessor
[PlayerScore] NetworkBehaviourProcessor
[RandomColor] NetworkBehaviourProcessor
[Reward] NetworkBehaviourProcessor
[Player] NetworkBehaviourProcessor
[MonsterMovement] NetworkBehaviourProcessor
[PlayerMovement] NetworkBehaviourProcessor
[Player] NetworkBehaviourProcessor
[PlayerController] NetworkBehaviourProcessor
[RandomColor] NetworkBehaviourProcessor
[ShootingTankBehaviour] NetworkBehaviourProcessor
Weave behaviours and messages took21 milliseconds
  ProcessSitesModule Mirror.Examples.dll elapsed time:00:00:00.0089765
Find all reader and writers took 50 milliseconds
Script Module: Mirror.Components.dll
[NetworkAnimator] NetworkBehaviourProcessor
[NetworkRoomPlayer] NetworkBehaviourProcessor
[NetworkLobbyPlayer] NetworkBehaviourProcessor
[NetworkVisibility] NetworkBehaviourProcessor
[NetworkVisibility] Found NetworkBehaviour Mirror.NetworkVisibility
[NetworkVisibility] Process Start
[NetworkVisibility]   GenerateSerialization
[NetworkVisibility]   GenerateDeSerialization
[NetworkVisibility] Process Done
[NetworkMatchChecker] NetworkBehaviourProcessor
[NetworkVisibility] NetworkBehaviourProcessor
[NetworkOwnerChecker] NetworkBehaviourProcessor
[NetworkVisibility] NetworkBehaviourProcessor
[NetworkProximityChecker] NetworkBehaviourProcessor
[NetworkRoomPlayer] NetworkBehaviourProcessor
[NetworkVisibility] NetworkBehaviourProcessor
[NetworkSceneChecker] NetworkBehaviourProcessor
[NetworkTransformBase] NetworkBehaviourProcessor
[NetworkTransform] NetworkBehaviourProcessor
[NetworkTransformBase] NetworkBehaviourProcessor
[NetworkTransformBase] NetworkBehaviourProcessor
[NetworkTransformChild] NetworkBehaviourProcessor
[NetworkLerpRigidbody] NetworkBehaviourProcessor
[NetworkRigidbody] NetworkBehaviourProcessor
[NetworkRigidbody2D] NetworkBehaviourProcessor
[NetworkTransformBase] NetworkBehaviourProcessor
[NetworkTransform] NetworkBehaviourProcessor
[NetworkTransformBase] NetworkBehaviourProcessor
[NetworkTransformBase] NetworkBehaviourProcessor
[NetworkTransformChild] NetworkBehaviourProcessor
Weave behaviours and messages took19 milliseconds
  ProcessSitesModule Mirror.Components.dll elapsed time:00:00:00.0009977
Find all reader and writers took 67 milliseconds
Script Module: Unity.TextMeshPro.dll
Weave behaviours and messages took67 milliseconds
Find all reader and writers took 43 milliseconds
Script Module: Mirror.Examples.Cloud.GUI.dll
Weave behaviours and messages took2 milliseconds
Find all reader and writers took 51 milliseconds
Script Module: Assembly-CSharp.dll
[PlayerSetup] NetworkBehaviourProcessor
Weave behaviours and messages took2 milliseconds
Find all reader and writers took 51 milliseconds
Script Module: kcp2k.dll
Weave behaviours and messages took3 milliseconds
Find all reader and writers took 47 milliseconds
Script Module: Telepathy.dll
Weave behaviours and messages took3 milliseconds
Find all reader and writers took 52 milliseconds
Script Module: Mirror.Authenticators.dll
Weave behaviours and messages took3 milliseconds
  ProcessSitesModule Mirror.Authenticators.dll elapsed time:00:00:00
Find all reader and writers took 53 milliseconds
Script Module: Mirror.Examples.Cloud.Pong.dll
[Ball] NetworkBehaviourProcessor
[BallManager] NetworkBehaviourProcessor
[Player] NetworkBehaviourProcessor
Weave behaviours and messages took3 milliseconds
  ProcessSitesModule Mirror.Examples.Cloud.Pong.dll elapsed time:00:00:00.0009994
Find all reader and writers took 78 milliseconds
Script Module: UnityEditor.TestRunner.dll
Weave behaviours and messages took32 milliseconds
Find all reader and writers took 68 milliseconds
Script Module: UnityEditor.UI.dll
Weave behaviours and messages took11 milliseconds
Find all reader and writers took 56 milliseconds
Script Module: Mirror.CompilerSymbols.dll
Weave behaviours and messages took0 milliseconds
Mono: successfully reloaded assembly
- Completed reload, in  3.798 seconds
Platform modules already initialized, skipping
========================================================================
Worker process is ready to serve import requests
Launched and connected shader compiler UnityShaderCompiler.exe after 0.05 seconds
Refreshing native plugins compatible for Editor in 0.32 ms, found 0 plugins.
Preloading 0 native plugins for Editor in 0.00 ms.
Unloading 1358 Unused Serialized files (Serialized files now loaded: 0)
System memory in use before: 64.0 MB.
System memory in use after: 64.1 MB.

Unloading 15 unused Assets to reduce memory usage. Loaded Objects now: 1794.
Total: 2.484700 ms (FindLiveObjects: 0.237600 ms CreateObjectMapping: 0.067000 ms MarkObjects: 2.106300 ms  DeleteObjects: 0.072600 ms)

========================================================================
Received Import Request.
  path: Assets/Materials/Gun.mat
  artifactKey: Guid(b0d25c13bf5a06e4582ff2b0dc9eeaef) Importer(815301076,1909f56bfc062723c751e8b465ee728b)
Start importing Assets/Materials/Gun.mat using Guid(b0d25c13bf5a06e4582ff2b0dc9eeaef) Importer(815301076,1909f56bfc062723c751e8b465ee728b)  -> (artifact id: '72f44c38228ea8d551c84ac89d449f54') in 0.104105 seconds
  Import took 0.106310 seconds .

========================================================================
Received Import Request.
  Time since last request: 0.000264 seconds.
  path: Assets/Materials/Floor.mat
  artifactKey: Guid(1e7bb2042b2473247a4531b7de1b51c3) Importer(815301076,1909f56bfc062723c751e8b465ee728b)
Start importing Assets/Materials/Floor.mat using Guid(1e7bb2042b2473247a4531b7de1b51c3) Importer(815301076,1909f56bfc062723c751e8b465ee728b)  -> (artifact id: '3c444b166857da0db0fda1d0ccf6fce2') in 0.014444 seconds
  Import took 0.016478 seconds .

========================================================================
Received Import Request.
  Time since last request: 265.239097 seconds.
  path: Assets/Prefabs/Player.prefab
  artifactKey: Guid(54e44acfd43f3e54baf9d80e6df21c10) Importer(815301076,1909f56bfc062723c751e8b465ee728b)
Start importing Assets/Prefabs/Player.prefab using Guid(54e44acfd43f3e54baf9d80e6df21c10) Importer(815301076,1909f56bfc062723c751e8b465ee728b)  -> (artifact id: '9ff27cd8c58f84f800bb7ad26efb0d5d') in 0.036744 seconds
  Import took 0.040359 seconds .

========================================================================
Received Import Request.
  Time since last request: 44.491175 seconds.
  path: Assets/Prefabs/Player.prefab
  artifactKey: Guid(54e44acfd43f3e54baf9d80e6df21c10) Importer(815301076,1909f56bfc062723c751e8b465ee728b)
Start importing Assets/Prefabs/Player.prefab using Guid(54e44acfd43f3e54baf9d80e6df21c10) Importer(815301076,1909f56bfc062723c751e8b465ee728b)  -> (artifact id: '1c4353c7dfd44a6e4ed42ed4ee7d1ff4') in 0.012323 seconds
  Import took 0.014813 seconds .

========================================================================
Received Import Request.
  Time since last request: 74.715012 seconds.
  path: Assets/Prefabs/Player.prefab
  artifactKey: Guid(54e44acfd43f3e54baf9d80e6df21c10) Importer(815301076,1909f56bfc062723c751e8b465ee728b)
Start importing Assets/Prefabs/Player.prefab using Guid(54e44acfd43f3e54baf9d80e6df21c10) Importer(815301076,1909f56bfc062723c751e8b465ee728b)  -> (artifact id: '304059387f090a1254d7238393e487d6') in 0.010296 seconds
  Import took 0.012650 seconds .

========================================================================
Received Import Request.
  Time since last request: 44.091569 seconds.
  path: Assets/Prefabs/Player.prefab
  artifactKey: Guid(54e44acfd43f3e54baf9d80e6df21c10) Importer(815301076,1909f56bfc062723c751e8b465ee728b)
Start importing Assets/Prefabs/Player.prefab using Guid(54e44acfd43f3e54baf9d80e6df21c10) Importer(815301076,1909f56bfc062723c751e8b465ee728b)  -> (artifact id: '9f83d2ae9cc6edf249ade23e18be16eb') in 0.008936 seconds
  Import took 0.012631 seconds .

========================================================================
Received Prepare
Refreshing native plugins compatible for Editor in 1.53 ms, found 0 plugins.
Preloading 0 native plugins for Editor in 0.00 ms.
Unloading 8 Unused Serialized files (Serialized files now loaded: 0)
System memory in use before: 40.8 MB.
System memory in use after: 40.8 MB.

Unloading 9 unused Assets to reduce memory usage. Loaded Objects now: 1836.
Total: 3.566300 ms (FindLiveObjects: 0.144200 ms CreateObjectMapping: 0.043100 ms MarkObjects: 3.329100 ms  DeleteObjects: 0.048800 ms)

========================================================================
Received Prepare
Registering precompiled user dll's ...
Registered in 0.001355 seconds.
Begin MonoManager ReloadAssembly
Native extension for WindowsStandalone target not found
Refreshing native plugins compatible for Editor in 0.30 ms, found 0 plugins.
Preloading 0 native plugins for Editor in 0.00 ms.
Invoked RoslynAnalysisRunner static constructor.
RoslynAnalysisRunner will not be running.
RoslynAnalysisRunner has terminated.
Mono: successfully reloaded assembly
- Completed reload, in  1.037 seconds
Platform modules already initialized, skipping
Refreshing native plugins compatible for Editor in 0.37 ms, found 0 plugins.
Preloading 0 native plugins for Editor in 0.00 ms.
Unloading 1353 Unused Serialized files (Serialized files now loaded: 0)
System memory in use before: 67.5 MB.
System memory in use after: 67.6 MB.

Unloading 10 unused Assets to reduce memory usage. Loaded Objects now: 1838.
Total: 3.172800 ms (FindLiveObjects: 0.341400 ms CreateObjectMapping: 0.118600 ms MarkObjects: 2.643300 ms  DeleteObjects: 0.067200 ms)

========================================================================
Received Prepare
Registering precompiled user dll's ...
Registered in 0.001984 seconds.
Begin MonoManager ReloadAssembly
Native extension for WindowsStandalone target not found
Refreshing native plugins compatible for Editor in 0.29 ms, found 0 plugins.
Preloading 0 native plugins for Editor in 0.00 ms.
Invoked RoslynAnalysisRunner static constructor.
RoslynAnalysisRunner will not be running.
RoslynAnalysisRunner has terminated.
Mono: successfully reloaded assembly
- Completed reload, in  0.863 seconds
Platform modules already initialized, skipping
Refreshing native plugins compatible for Editor in 0.30 ms, found 0 plugins.
Preloading 0 native plugins for Editor in 0.00 ms.
Unloading 1353 Unused Serialized files (Serialized files now loaded: 0)
System memory in use before: 67.5 MB.
System memory in use after: 67.6 MB.

Unloading 10 unused Assets to reduce memory usage. Loaded Objects now: 1840.
Total: 2.590000 ms (FindLiveObjects: 0.274200 ms CreateObjectMapping: 0.072700 ms MarkObjects: 2.168700 ms  DeleteObjects: 0.072000 ms)

========================================================================
Received Prepare
Registering precompiled user dll's ...
Registered in 0.001555 seconds.
Begin MonoManager ReloadAssembly
Native extension for WindowsStandalone target not found
Refreshing native plugins compatible for Editor in 0.73 ms, found 0 plugins.
Preloading 0 native plugins for Editor in 0.00 ms.
Invoked RoslynAnalysisRunner static constructor.
RoslynAnalysisRunner will not be running.
RoslynAnalysisRunner has terminated.
Mono: successfully reloaded assembly
- Completed reload, in  0.956 seconds
Platform modules already initialized, skipping
Refreshing native plugins compatible for Editor in 0.25 ms, found 0 plugins.
Preloading 0 native plugins for Editor in 0.00 ms.
Unloading 1353 Unused Serialized files (Serialized files now loaded: 0)
System memory in use before: 67.5 MB.
System memory in use after: 67.6 MB.

Unloading 10 unused Assets to reduce memory usage. Loaded Objects now: 1842.
Total: 2.238400 ms (FindLiveObjects: 0.196700 ms CreateObjectMapping: 0.059900 ms MarkObjects: 1.899900 ms  DeleteObjects: 0.079800 ms)

========================================================================
Received Prepare
Registering precompiled user dll's ...
Registered in 0.001915 seconds.
Begin MonoManager ReloadAssembly
Native extension for WindowsStandalone target not found
Refreshing native plugins compatible for Editor in 0.39 ms, found 0 plugins.
Preloading 0 native plugins for Editor in 0.00 ms.
Invoked RoslynAnalysisRunner static constructor.
RoslynAnalysisRunner will not be running.
RoslynAnalysisRunner has terminated.
Mono: successfully reloaded assembly
- Completed reload, in  0.840 seconds
Platform modules already initialized, skipping
Refreshing native plugins compatible for Editor in 0.27 ms, found 0 plugins.
Preloading 0 native plugins for Editor in 0.00 ms.
Unloading 1353 Unused Serialized files (Serialized files now loaded: 0)
System memory in use before: 67.5 MB.
System memory in use after: 67.6 MB.

Unloading 10 unused Assets to reduce memory usage. Loaded Objects now: 1844.
Total: 1.846800 ms (FindLiveObjects: 0.207200 ms CreateObjectMapping: 0.041500 ms MarkObjects: 1.473500 ms  DeleteObjects: 0.123000 ms)

========================================================================
Received Import Request.
  Time since last request: 928.105284 seconds.
  path: Assets/Prefabs/Player.prefab
  artifactKey: Guid(54e44acfd43f3e54baf9d80e6df21c10) Importer(815301076,1909f56bfc062723c751e8b465ee728b)
Start importing Assets/Prefabs/Player.prefab using Guid(54e44acfd43f3e54baf9d80e6df21c10) Importer(815301076,1909f56bfc062723c751e8b465ee728b)  -> (artifact id: '0e212e92621080bb0ecbc7ee3e68bf4c') in 0.069514 seconds
  Import took 0.072106 seconds .

========================================================================
Received Import Request.
  Time since last request: 2.501511 seconds.
  path: Assets/Prefabs/Player.prefab
  artifactKey: Guid(54e44acfd43f3e54baf9d80e6df21c10) Importer(815301076,1909f56bfc062723c751e8b465ee728b)
Start importing Assets/Prefabs/Player.prefab using Guid(54e44acfd43f3e54baf9d80e6df21c10) Importer(815301076,1909f56bfc062723c751e8b465ee728b)  -> (artifact id: '802cd6521fa5281e007719cace0f72e3') in 0.007365 seconds
  Import took 0.010035 seconds .

========================================================================
Received Import Request.
  Time since last request: 5.309691 seconds.
  path: Assets/Prefabs/Player.prefab
  artifactKey: Guid(54e44acfd43f3e54baf9d80e6df21c10) Importer(815301076,1909f56bfc062723c751e8b465ee728b)
Start importing Assets/Prefabs/Player.prefab using Guid(54e44acfd43f3e54baf9d80e6df21c10) Importer(815301076,1909f56bfc062723c751e8b465ee728b)  -> (artifact id: '9fb2a67cf26f9dc0bffa20c4270371fd') in 0.007476 seconds
  Import took 0.009996 seconds .

========================================================================
Received Import Request.
  Time since last request: 18.836587 seconds.
  path: Assets/Prefabs/Player.prefab
  artifactKey: Guid(54e44acfd43f3e54baf9d80e6df21c10) Importer(815301076,1909f56bfc062723c751e8b465ee728b)
Start importing Assets/Prefabs/Player.prefab using Guid(54e44acfd43f3e54baf9d80e6df21c10) Importer(815301076,1909f56bfc062723c751e8b465ee728b)  -> (artifact id: 'eb6a58c56a21caf1da352d623bc245b6') in 0.010399 seconds
  Import took 0.013350 seconds .

========================================================================
Received Import Request.
  Time since last request: 12.324569 seconds.
  path: Assets/Prefabs/Player.prefab
  artifactKey: Guid(54e44acfd43f3e54baf9d80e6df21c10) Importer(815301076,1909f56bfc062723c751e8b465ee728b)
Start importing Assets/Prefabs/Player.prefab using Guid(54e44acfd43f3e54baf9d80e6df21c10) Importer(815301076,1909f56bfc062723c751e8b465ee728b)  -> (artifact id: '5101c914a9fe680a8e8cba4bdfeb80d9') in 0.007882 seconds
  Import took 0.010410 seconds .

========================================================================
Received Import Request.
  Time since last request: 30.762991 seconds.
  path: Assets/Prefabs/Player.prefab
  artifactKey: Guid(54e44acfd43f3e54baf9d80e6df21c10) Importer(815301076,1909f56bfc062723c751e8b465ee728b)
Start importing Assets/Prefabs/Player.prefab using Guid(54e44acfd43f3e54baf9d80e6df21c10) Importer(815301076,1909f56bfc062723c751e8b465ee728b)  -> (artifact id: 'ba3891a4b87be220cd451867f044ef46') in 0.007518 seconds
  Import took 0.010613 seconds .

========================================================================
Received Prepare
Refreshing native plugins compatible for Editor in 1.15 ms, found 0 plugins.
Preloading 0 native plugins for Editor in 0.00 ms.
Unloading 8 Unused Serialized files (Serialized files now loaded: 0)
System memory in use before: 40.9 MB.
System memory in use after: 40.9 MB.

Unloading 9 unused Assets to reduce memory usage. Loaded Objects now: 1845.
Total: 1.881300 ms (FindLiveObjects: 0.133900 ms CreateObjectMapping: 0.039000 ms MarkObjects: 1.658200 ms  DeleteObjects: 0.049300 ms)

========================================================================
Received Prepare
Registering precompiled user dll's ...
Registered in 0.001937 seconds.
Begin MonoManager ReloadAssembly
Native extension for WindowsStandalone target not found
Refreshing native plugins compatible for Editor in 0.33 ms, found 0 plugins.
Preloading 0 native plugins for Editor in 0.00 ms.
Invoked RoslynAnalysisRunner static constructor.
RoslynAnalysisRunner will not be running.
RoslynAnalysisRunner has terminated.
Mono: successfully reloaded assembly
- Completed reload, in  0.875 seconds
Platform modules already initialized, skipping
Refreshing native plugins compatible for Editor in 0.28 ms, found 0 plugins.
Preloading 0 native plugins for Editor in 0.00 ms.
Unloading 1353 Unused Serialized files (Serialized files now loaded: 0)
System memory in use before: 67.6 MB.
System memory in use after: 67.6 MB.

Unloading 10 unused Assets to reduce memory usage. Loaded Objects now: 1847.
Total: 2.004900 ms (FindLiveObjects: 0.230800 ms CreateObjectMapping: 0.059300 ms MarkObjects: 1.644800 ms  DeleteObjects: 0.068200 ms)

========================================================================
Received Prepare
Registering precompiled user dll's ...
Registered in 0.002035 seconds.
Begin MonoManager ReloadAssembly
Native extension for WindowsStandalone target not found
Refreshing native plugins compatible for Editor in 0.48 ms, found 0 plugins.
Preloading 0 native plugins for Editor in 0.00 ms.
Invoked RoslynAnalysisRunner static constructor.
RoslynAnalysisRunner will not be running.
RoslynAnalysisRunner has terminated.
Mono: successfully reloaded assembly
- Completed reload, in  0.872 seconds
Platform modules already initialized, skipping
Refreshing native plugins compatible for Editor in 0.33 ms, found 0 plugins.
Preloading 0 native plugins for Editor in 0.00 ms.
Unloading 1354 Unused Serialized files (Serialized files now loaded: 0)
System memory in use before: 67.6 MB.
System memory in use after: 67.7 MB.

Unloading 10 unused Assets to reduce memory usage. Loaded Objects now: 1850.
Total: 2.195600 ms (FindLiveObjects: 0.292500 ms CreateObjectMapping: 0.102000 ms MarkObjects: 1.730300 ms  DeleteObjects: 0.069100 ms)

========================================================================
Received Import Request.
  Time since last request: 1309.696187 seconds.
  path: Assets/Prefabs/Player.prefab
  artifactKey: Guid(54e44acfd43f3e54baf9d80e6df21c10) Importer(815301076,1909f56bfc062723c751e8b465ee728b)
Start importing Assets/Prefabs/Player.prefab using Guid(54e44acfd43f3e54baf9d80e6df21c10) Importer(815301076,1909f56bfc062723c751e8b465ee728b)  -> (artifact id: '0f1d63ce3352e18e314da5bbd0479187') in 0.064967 seconds
  Import took 0.069089 seconds .

========================================================================
Received Prepare
Registering precompiled user dll's ...
Registered in 0.001540 seconds.
Begin MonoManager ReloadAssembly
Native extension for WindowsStandalone target not found
Refreshing native plugins compatible for Editor in 0.41 ms, found 0 plugins.
Preloading 0 native plugins for Editor in 0.00 ms.
Invoked RoslynAnalysisRunner static constructor.
RoslynAnalysisRunner will not be running.
RoslynAnalysisRunner has terminated.
Mono: successfully reloaded assembly
- Completed reload, in  0.874 seconds
Platform modules already initialized, skipping
Refreshing native plugins compatible for Editor in 0.35 ms, found 0 plugins.
Preloading 0 native plugins for Editor in 0.00 ms.
Unloading 1354 Unused Serialized files (Serialized files now loaded: 0)
System memory in use before: 67.6 MB.
System memory in use after: 67.7 MB.

Unloading 11 unused Assets to reduce memory usage. Loaded Objects now: 1853.
Total: 2.118200 ms (FindLiveObjects: 0.396000 ms CreateObjectMapping: 0.083300 ms MarkObjects: 1.583500 ms  DeleteObjects: 0.053900 ms)

========================================================================
Received Import Request.
  Time since last request: 18.341731 seconds.
  path: Assets/Scripts/PlayerWeapons.cs
  artifactKey: Guid(83395537cff12894f814be02e9c65829) Importer(815301076,1909f56bfc062723c751e8b465ee728b)
Start importing Assets/Scripts/PlayerWeapons.cs using Guid(83395537cff12894f814be02e9c65829) Importer(815301076,1909f56bfc062723c751e8b465ee728b)  -> (artifact id: '5b19cc1ab9154d5f7c3c23505d9627d3') in 0.012891 seconds
  Import took 0.017486 seconds .

========================================================================
Received Prepare
Registering precompiled user dll's ...
Registered in 0.001436 seconds.
Begin MonoManager ReloadAssembly
Native extension for WindowsStandalone target not found
Refreshing native plugins compatible for Editor in 0.93 ms, found 0 plugins.
Preloading 0 native plugins for Editor in 0.00 ms.
Invoked RoslynAnalysisRunner static constructor.
RoslynAnalysisRunner will not be running.
RoslynAnalysisRunner has terminated.
Mono: successfully reloaded assembly
- Completed reload, in  0.829 seconds
Platform modules already initialized, skipping
Refreshing native plugins compatible for Editor in 0.54 ms, found 0 plugins.
Preloading 0 native plugins for Editor in 0.00 ms.
Unloading 1355 Unused Serialized files (Serialized files now loaded: 0)
System memory in use before: 67.6 MB.
System memory in use after: 67.7 MB.

Unloading 10 unused Assets to reduce memory usage. Loaded Objects now: 1856.
Total: 3.496200 ms (FindLiveObjects: 0.303100 ms CreateObjectMapping: 0.084200 ms MarkObjects: 2.922000 ms  DeleteObjects: 0.183400 ms)

========================================================================
Received Import Request.
  Time since last request: 4.050513 seconds.
  path: Assets/Scripts/PlayerShoot.cs
  artifactKey: Guid(54883c16426aec2458ea74aeb7c39c46) Importer(815301076,1909f56bfc062723c751e8b465ee728b)
Start importing Assets/Scripts/PlayerShoot.cs using Guid(54883c16426aec2458ea74aeb7c39c46) Importer(815301076,1909f56bfc062723c751e8b465ee728b)  -> (artifact id: '0969e7d8233a451c596c7ff5b29120f5') in 0.007701 seconds
  Import took 0.010197 seconds .

========================================================================
Received Import Request.
  Time since last request: 0.001239 seconds.
  path: Assets/Scripts/PlayerShoot.cs
  artifactKey: Guid(54883c16426aec2458ea74aeb7c39c46) Importer(815301076,1909f56bfc062723c751e8b465ee728b)
Start importing Assets/Scripts/PlayerShoot.cs using Guid(54883c16426aec2458ea74aeb7c39c46) Importer(815301076,1909f56bfc062723c751e8b465ee728b)  -> (artifact id: '0969e7d8233a451c596c7ff5b29120f5') in 0.001885 seconds
  Import took 0.004343 seconds .

========================================================================
Received Prepare
Registering precompiled user dll's ...
Registered in 0.002171 seconds.
Begin MonoManager ReloadAssembly
Native extension for WindowsStandalone target not found
Refreshing native plugins compatible for Editor in 0.52 ms, found 0 plugins.
Preloading 0 native plugins for Editor in 0.00 ms.
Invoked RoslynAnalysisRunner static constructor.
RoslynAnalysisRunner will not be running.
RoslynAnalysisRunner has terminated.
Mono: successfully reloaded assembly
- Completed reload, in  0.844 seconds
Platform modules already initialized, skipping
Refreshing native plugins compatible for Editor in 0.47 ms, found 0 plugins.
Preloading 0 native plugins for Editor in 0.00 ms.
Unloading 1355 Unused Serialized files (Serialized files now loaded: 0)
System memory in use before: 67.6 MB.
System memory in use after: 67.7 MB.

Unloading 10 unused Assets to reduce memory usage. Loaded Objects now: 1858.
Total: 3.078600 ms (FindLiveObjects: 0.447900 ms CreateObjectMapping: 0.096200 ms MarkObjects: 2.468200 ms  DeleteObjects: 0.063900 ms)

========================================================================
Received Import Request.
  Time since last request: 169.862042 seconds.
  path: Assets/Scripts/PlayerWeapons.cs
  artifactKey: Guid(83395537cff12894f814be02e9c65829) Importer(815301076,1909f56bfc062723c751e8b465ee728b)
Start importing Assets/Scripts/PlayerWeapons.cs using Guid(83395537cff12894f814be02e9c65829) Importer(815301076,1909f56bfc062723c751e8b465ee728b)  -> (artifact id: '5e13054d40cbb834f23b4e5c6aac24f7') in 0.006681 seconds
  Import took 0.009635 seconds .

========================================================================
Received Import Request.
  Time since last request: 4.114677 seconds.
  path: Assets/Scripts/PlayerWeapon.cs
  artifactKey: Guid(83395537cff12894f814be02e9c65829) Importer(815301076,1909f56bfc062723c751e8b465ee728b)
Start importing Assets/Scripts/PlayerWeapon.cs using Guid(83395537cff12894f814be02e9c65829) Importer(815301076,1909f56bfc062723c751e8b465ee728b)  -> (artifact id: '5f6dddf614c013fda1068e38875d69ac') in 0.011689 seconds
  Import took 0.015573 seconds .

========================================================================
Received Prepare
Registering precompiled user dll's ...
Registered in 0.001763 seconds.
Begin MonoManager ReloadAssembly
Native extension for WindowsStandalone target not found
Refreshing native plugins compatible for Editor in 0.26 ms, found 0 plugins.
Preloading 0 native plugins for Editor in 0.00 ms.
Invoked RoslynAnalysisRunner static constructor.
RoslynAnalysisRunner will not be running.
RoslynAnalysisRunner has terminated.
Mono: successfully reloaded assembly
- Completed reload, in  1.067 seconds
Platform modules already initialized, skipping
Refreshing native plugins compatible for Editor in 0.25 ms, found 0 plugins.
Preloading 0 native plugins for Editor in 0.00 ms.
Unloading 1355 Unused Serialized files (Serialized files now loaded: 0)
System memory in use before: 67.6 MB.
System memory in use after: 67.7 MB.

Unloading 10 unused Assets to reduce memory usage. Loaded Objects now: 1860.
Total: 5.116400 ms (FindLiveObjects: 0.557900 ms CreateObjectMapping: 0.191800 ms MarkObjects: 4.242400 ms  DeleteObjects: 0.121500 ms)

========================================================================
Received Prepare
Registering precompiled user dll's ...
Registered in 0.001401 seconds.
Begin MonoManager ReloadAssembly
Native extension for WindowsStandalone target not found
Refreshing native plugins compatible for Editor in 0.64 ms, found 0 plugins.
Preloading 0 native plugins for Editor in 0.00 ms.
Invoked RoslynAnalysisRunner static constructor.
RoslynAnalysisRunner will not be running.
RoslynAnalysisRunner has terminated.
Mono: successfully reloaded assembly
- Completed reload, in  0.889 seconds
Platform modules already initialized, skipping
Refreshing native plugins compatible for Editor in 0.25 ms, found 0 plugins.
Preloading 0 native plugins for Editor in 0.00 ms.
Unloading 1355 Unused Serialized files (Serialized files now loaded: 0)
System memory in use before: 67.6 MB.
System memory in use after: 67.7 MB.

Unloading 10 unused Assets to reduce memory usage. Loaded Objects now: 1862.
Total: 3.081900 ms (FindLiveObjects: 0.287800 ms CreateObjectMapping: 0.101300 ms MarkObjects: 2.590900 ms  DeleteObjects: 0.099300 ms)

========================================================================
Received Prepare
Registering precompiled user dll's ...
Registered in 0.002633 seconds.
Begin MonoManager ReloadAssembly
Native extension for WindowsStandalone target not found
Refreshing native plugins compatible for Editor in 0.51 ms, found 0 plugins.
Preloading 0 native plugins for Editor in 0.00 ms.
Invoked RoslynAnalysisRunner static constructor.
RoslynAnalysisRunner will not be running.
RoslynAnalysisRunner has terminated.
Mono: successfully reloaded assembly
- Completed reload, in  0.942 seconds
Platform modules already initialized, skipping
Refreshing native plugins compatible for Editor in 0.24 ms, found 0 plugins.
Preloading 0 native plugins for Editor in 0.00 ms.
Unloading 1355 Unused Serialized files (Serialized files now loaded: 0)
System memory in use before: 67.6 MB.
System memory in use after: 67.7 MB.

Unloading 10 unused Assets to reduce memory usage. Loaded Objects now: 1864.
Total: 2.183300 ms (FindLiveObjects: 0.237500 ms CreateObjectMapping: 0.046900 ms MarkObjects: 1.842900 ms  DeleteObjects: 0.054700 ms)

========================================================================
Received Import Request.
  Time since last request: 507.423132 seconds.
  path: Assets/Prefabs/Player.prefab
  artifactKey: Guid(54e44acfd43f3e54baf9d80e6df21c10) Importer(815301076,1909f56bfc062723c751e8b465ee728b)
Start importing Assets/Prefabs/Player.prefab using Guid(54e44acfd43f3e54baf9d80e6df21c10) Importer(815301076,1909f56bfc062723c751e8b465ee728b)  -> (artifact id: '9a56dce6280893be73b58f77133073a3') in 0.068850 seconds
  Import took 0.074094 seconds .

========================================================================
Received Import Request.
  Time since last request: 4.849323 seconds.
  path: Assets/Prefabs/Player.prefab
  artifactKey: Guid(54e44acfd43f3e54baf9d80e6df21c10) Importer(815301076,1909f56bfc062723c751e8b465ee728b)
Start importing Assets/Prefabs/Player.prefab using Guid(54e44acfd43f3e54baf9d80e6df21c10) Importer(815301076,1909f56bfc062723c751e8b465ee728b)  -> (artifact id: 'b0c9c0138655485073e366e50a0cc06e') in 0.010910 seconds
  Import took 0.014499 seconds .

========================================================================
Received Import Request.
  Time since last request: 24.386069 seconds.
  path: Assets/Prefabs/Player.prefab
  artifactKey: Guid(54e44acfd43f3e54baf9d80e6df21c10) Importer(815301076,1909f56bfc062723c751e8b465ee728b)
Start importing Assets/Prefabs/Player.prefab using Guid(54e44acfd43f3e54baf9d80e6df21c10) Importer(815301076,1909f56bfc062723c751e8b465ee728b)  -> (artifact id: 'bad564424a5d9a156ea8c6921e664f2a') in 0.011219 seconds
  Import took 0.016235 seconds .

========================================================================
Received Prepare
Registering precompiled user dll's ...
Registered in 0.001997 seconds.
Begin MonoManager ReloadAssembly
Native extension for WindowsStandalone target not found
Refreshing native plugins compatible for Editor in 0.74 ms, found 0 plugins.
Preloading 0 native plugins for Editor in 0.00 ms.
Invoked RoslynAnalysisRunner static constructor.
RoslynAnalysisRunner will not be running.
RoslynAnalysisRunner has terminated.
Mono: successfully reloaded assembly
- Completed reload, in  0.928 seconds
Platform modules already initialized, skipping
Refreshing native plugins compatible for Editor in 0.38 ms, found 0 plugins.
Preloading 0 native plugins for Editor in 0.00 ms.
Unloading 1355 Unused Serialized files (Serialized files now loaded: 0)
System memory in use before: 67.7 MB.
System memory in use after: 67.7 MB.

Unloading 11 unused Assets to reduce memory usage. Loaded Objects now: 1867.
Total: 1.866000 ms (FindLiveObjects: 0.166300 ms CreateObjectMapping: 0.050800 ms MarkObjects: 1.580900 ms  DeleteObjects: 0.066500 ms)

========================================================================
Received Prepare
Registering precompiled user dll's ...
Registered in 0.001823 seconds.
Begin MonoManager ReloadAssembly
Native extension for WindowsStandalone target not found
Refreshing native plugins compatible for Editor in 0.42 ms, found 0 plugins.
Preloading 0 native plugins for Editor in 0.00 ms.
Invoked RoslynAnalysisRunner static constructor.
RoslynAnalysisRunner will not be running.
RoslynAnalysisRunner has terminated.
Mono: successfully reloaded assembly
- Completed reload, in  1.061 seconds
Platform modules already initialized, skipping
Refreshing native plugins compatible for Editor in 1.14 ms, found 0 plugins.
Preloading 0 native plugins for Editor in 0.00 ms.
Unloading 1355 Unused Serialized files (Serialized files now loaded: 0)
System memory in use before: 67.7 MB.
System memory in use after: 67.7 MB.

Unloading 10 unused Assets to reduce memory usage. Loaded Objects now: 1869.
Total: 4.258300 ms (FindLiveObjects: 0.723500 ms CreateObjectMapping: 0.202000 ms MarkObjects: 3.209700 ms  DeleteObjects: 0.118900 ms)

========================================================================
Received Prepare
Registering precompiled user dll's ...
Registered in 0.001483 seconds.
Begin MonoManager ReloadAssembly
Native extension for WindowsStandalone target not found
Refreshing native plugins compatible for Editor in 0.40 ms, found 0 plugins.
Preloading 0 native plugins for Editor in 0.00 ms.
Invoked RoslynAnalysisRunner static constructor.
RoslynAnalysisRunner will not be running.
RoslynAnalysisRunner has terminated.
Mono: successfully reloaded assembly
- Completed reload, in  0.803 seconds
Platform modules already initialized, skipping
Refreshing native plugins compatible for Editor in 0.26 ms, found 0 plugins.
Preloading 0 native plugins for Editor in 0.00 ms.
Unloading 1355 Unused Serialized files (Serialized files now loaded: 0)
System memory in use before: 67.7 MB.
System memory in use after: 67.8 MB.

Unloading 10 unused Assets to reduce memory usage. Loaded Objects now: 1871.
Total: 2.485900 ms (FindLiveObjects: 0.371400 ms CreateObjectMapping: 0.087400 ms MarkObjects: 1.926400 ms  DeleteObjects: 0.099200 ms)

========================================================================
Received Import Request.
  Time since last request: 14603.743613 seconds.
  path: ProjectSettings/TagManager.asset
  artifactKey: Guid(00000000000000003000000000000000) Importer(815301076,1909f56bfc062723c751e8b465ee728b)
Start importing ProjectSettings/TagManager.asset using Guid(00000000000000003000000000000000) Importer(815301076,1909f56bfc062723c751e8b465ee728b)  -> (artifact id: 'd7fc6db537de490c66388a0e179d6586') in 0.120127 seconds
  Import took 0.167025 seconds .

========================================================================
Received Import Request.
  Time since last request: 36.816565 seconds.
  path: Assets/Prefabs/Player.prefab
  artifactKey: Guid(54e44acfd43f3e54baf9d80e6df21c10) Importer(815301076,1909f56bfc062723c751e8b465ee728b)
Start importing Assets/Prefabs/Player.prefab using Guid(54e44acfd43f3e54baf9d80e6df21c10) Importer(815301076,1909f56bfc062723c751e8b465ee728b)  -> (artifact id: '1269bba02daa2e9a342b28d1bae0d52f') in 0.084673 seconds
  Import took 0.087681 seconds .

========================================================================
Received Prepare
Registering precompiled user dll's ...
Registered in 0.001992 seconds.
Begin MonoManager ReloadAssembly
Native extension for WindowsStandalone target not found
Refreshing native plugins compatible for Editor in 0.27 ms, found 0 plugins.
Preloading 0 native plugins for Editor in 0.00 ms.
Invoked RoslynAnalysisRunner static constructor.
RoslynAnalysisRunner will not be running.
RoslynAnalysisRunner has terminated.
Mono: successfully reloaded assembly
- Completed reload, in  0.748 seconds
Platform modules already initialized, skipping
Refreshing native plugins compatible for Editor in 0.51 ms, found 0 plugins.
Preloading 0 native plugins for Editor in 0.00 ms.
Unloading 1355 Unused Serialized files (Serialized files now loaded: 0)
System memory in use before: 67.7 MB.
System memory in use after: 67.8 MB.

Unloading 12 unused Assets to reduce memory usage. Loaded Objects now: 1874.
Total: 1.627500 ms (FindLiveObjects: 0.208200 ms CreateObjectMapping: 0.053400 ms MarkObjects: 1.306800 ms  DeleteObjects: 0.057600 ms)

========================================================================
Received Prepare
Refreshing native plugins compatible for Editor in 1.20 ms, found 0 plugins.
Preloading 0 native plugins for Editor in 0.00 ms.
Unloading 8 Unused Serialized files (Serialized files now loaded: 0)
System memory in use before: 40.8 MB.
System memory in use after: 40.9 MB.

Unloading 8 unused Assets to reduce memory usage. Loaded Objects now: 1874.
Total: 2.225000 ms (FindLiveObjects: 0.162700 ms CreateObjectMapping: 0.043200 ms MarkObjects: 1.949600 ms  DeleteObjects: 0.068200 ms)

========================================================================
Received Prepare
Registering precompiled user dll's ...
Registered in 0.001395 seconds.
Begin MonoManager ReloadAssembly
Native extension for WindowsStandalone target not found
Refreshing native plugins compatible for Editor in 0.25 ms, found 0 plugins.
Preloading 0 native plugins for Editor in 0.00 ms.
Invoked RoslynAnalysisRunner static constructor.
RoslynAnalysisRunner will not be running.
RoslynAnalysisRunner has terminated.
Mono: successfully reloaded assembly
- Completed reload, in  0.926 seconds
Platform modules already initialized, skipping
Refreshing native plugins compatible for Editor in 0.28 ms, found 0 plugins.
Preloading 0 native plugins for Editor in 0.00 ms.
Unloading 1355 Unused Serialized files (Serialized files now loaded: 0)
System memory in use before: 67.7 MB.
System memory in use after: 67.8 MB.

Unloading 10 unused Assets to reduce memory usage. Loaded Objects now: 1876.
Total: 2.072500 ms (FindLiveObjects: 0.277000 ms CreateObjectMapping: 0.076100 ms MarkObjects: 1.647800 ms  DeleteObjects: 0.069300 ms)

========================================================================
Received Import Request.
  Time since last request: 355.334002 seconds.
  path: Assets/Prefabs/Player.prefab
  artifactKey: Guid(54e44acfd43f3e54baf9d80e6df21c10) Importer(815301076,1909f56bfc062723c751e8b465ee728b)
Start importing Assets/Prefabs/Player.prefab using Guid(54e44acfd43f3e54baf9d80e6df21c10) Importer(815301076,1909f56bfc062723c751e8b465ee728b)  -> (artifact id: 'b407f8e8518f2d512ddd14703024a8ac') in 0.057797 seconds
  Import took 0.060809 seconds .

========================================================================
Received Import Request.
  Time since last request: 4.769286 seconds.
  path: Assets/Prefabs/Player.prefab
  artifactKey: Guid(54e44acfd43f3e54baf9d80e6df21c10) Importer(815301076,1909f56bfc062723c751e8b465ee728b)
Start importing Assets/Prefabs/Player.prefab using Guid(54e44acfd43f3e54baf9d80e6df21c10) Importer(815301076,1909f56bfc062723c751e8b465ee728b)  -> (artifact id: 'c06438b7a010c79a150a0bf06502ceb9') in 0.007984 seconds
  Import took 0.011015 seconds .

========================================================================
Received Import Request.
  Time since last request: 8.288366 seconds.
  path: Assets/Prefabs/Player.prefab
  artifactKey: Guid(54e44acfd43f3e54baf9d80e6df21c10) Importer(815301076,1909f56bfc062723c751e8b465ee728b)
Start importing Assets/Prefabs/Player.prefab using Guid(54e44acfd43f3e54baf9d80e6df21c10) Importer(815301076,1909f56bfc062723c751e8b465ee728b)  -> (artifact id: '28492b4d069d3d88d8e51c60119ed068') in 0.009826 seconds
  Import took 0.012568 seconds .

========================================================================
Received Prepare
Refreshing native plugins compatible for Editor in 1.65 ms, found 0 plugins.
Preloading 0 native plugins for Editor in 0.00 ms.
Unloading 8 Unused Serialized files (Serialized files now loaded: 0)
System memory in use before: 41.0 MB.
System memory in use after: 41.1 MB.

Unloading 9 unused Assets to reduce memory usage. Loaded Objects now: 1877.
Total: 4.286800 ms (FindLiveObjects: 0.428300 ms CreateObjectMapping: 0.132400 ms MarkObjects: 3.630200 ms  DeleteObjects: 0.092700 ms)

========================================================================
Received Prepare
Registering precompiled user dll's ...
Registered in 0.002295 seconds.
Begin MonoManager ReloadAssembly
Native extension for WindowsStandalone target not found
Refreshing native plugins compatible for Editor in 0.35 ms, found 0 plugins.
Preloading 0 native plugins for Editor in 0.00 ms.
Invoked RoslynAnalysisRunner static constructor.
RoslynAnalysisRunner will not be running.
RoslynAnalysisRunner has terminated.
Mono: successfully reloaded assembly
- Completed reload, in  0.910 seconds
Platform modules already initialized, skipping
Refreshing native plugins compatible for Editor in 0.30 ms, found 0 plugins.
Preloading 0 native plugins for Editor in 0.00 ms.
Unloading 1355 Unused Serialized files (Serialized files now loaded: 0)
System memory in use before: 67.7 MB.
System memory in use after: 67.8 MB.

Unloading 10 unused Assets to reduce memory usage. Loaded Objects now: 1879.
Total: 2.264000 ms (FindLiveObjects: 0.259600 ms CreateObjectMapping: 0.102100 ms MarkObjects: 1.849200 ms  DeleteObjects: 0.051600 ms)

========================================================================
Received Prepare
Registering precompiled user dll's ...
Registered in 0.002208 seconds.
Begin MonoManager ReloadAssembly
Native extension for WindowsStandalone target not found
Refreshing native plugins compatible for Editor in 0.32 ms, found 0 plugins.
Preloading 0 native plugins for Editor in 0.00 ms.
Invoked RoslynAnalysisRunner static constructor.
RoslynAnalysisRunner will not be running.
RoslynAnalysisRunner has terminated.
Mono: successfully reloaded assembly
- Completed reload, in  0.750 seconds
Platform modules already initialized, skipping
Refreshing native plugins compatible for Editor in 0.25 ms, found 0 plugins.
Preloading 0 native plugins for Editor in 0.00 ms.
Unloading 1355 Unused Serialized files (Serialized files now loaded: 0)
System memory in use before: 67.7 MB.
System memory in use after: 67.8 MB.

Unloading 10 unused Assets to reduce memory usage. Loaded Objects now: 1881.
Total: 1.593900 ms (FindLiveObjects: 0.208200 ms CreateObjectMapping: 0.045700 ms MarkObjects: 1.290600 ms  DeleteObjects: 0.048600 ms)

========================================================================
Received Prepare
Refreshing native plugins compatible for Editor in 1.14 ms, found 0 plugins.
Preloading 0 native plugins for Editor in 0.00 ms.
Unloading 8 Unused Serialized files (Serialized files now loaded: 0)
System memory in use before: 40.8 MB.
System memory in use after: 40.9 MB.

Unloading 8 unused Assets to reduce memory usage. Loaded Objects now: 1881.
Total: 1.854700 ms (FindLiveObjects: 0.190100 ms CreateObjectMapping: 0.044400 ms MarkObjects: 1.570700 ms  DeleteObjects: 0.047500 ms)

========================================================================
Received Prepare
Registering precompiled user dll's ...
Registered in 0.001603 seconds.
Begin MonoManager ReloadAssembly
Native extension for WindowsStandalone target not found
Refreshing native plugins compatible for Editor in 0.28 ms, found 0 plugins.
Preloading 0 native plugins for Editor in 0.00 ms.
Invoked RoslynAnalysisRunner static constructor.
RoslynAnalysisRunner will not be running.
RoslynAnalysisRunner has terminated.
Mono: successfully reloaded assembly
- Completed reload, in  0.857 seconds
Platform modules already initialized, skipping
Refreshing native plugins compatible for Editor in 0.47 ms, found 0 plugins.
Preloading 0 native plugins for Editor in 0.00 ms.
Unloading 1355 Unused Serialized files (Serialized files now loaded: 0)
System memory in use before: 67.7 MB.
System memory in use after: 67.8 MB.

Unloading 10 unused Assets to reduce memory usage. Loaded Objects now: 1883.
Total: 2.081300 ms (FindLiveObjects: 0.272700 ms CreateObjectMapping: 0.066200 ms MarkObjects: 1.676700 ms  DeleteObjects: 0.063600 ms)

========================================================================
Received Prepare
Registering precompiled user dll's ...
Registered in 0.001923 seconds.
Begin MonoManager ReloadAssembly
Native extension for WindowsStandalone target not found
Refreshing native plugins compatible for Editor in 0.29 ms, found 0 plugins.
Preloading 0 native plugins for Editor in 0.00 ms.
Invoked RoslynAnalysisRunner static constructor.
RoslynAnalysisRunner will not be running.
RoslynAnalysisRunner has terminated.
Mono: successfully reloaded assembly
- Completed reload, in  0.713 seconds
Platform modules already initialized, skipping
Refreshing native plugins compatible for Editor in 0.25 ms, found 0 plugins.
Preloading 0 native plugins for Editor in 0.00 ms.
Unloading 1355 Unused Serialized files (Serialized files now loaded: 0)
System memory in use before: 67.7 MB.
System memory in use after: 67.8 MB.

Unloading 10 unused Assets to reduce memory usage. Loaded Objects now: 1885.
Total: 1.863700 ms (FindLiveObjects: 0.239100 ms CreateObjectMapping: 0.069100 ms MarkObjects: 1.482300 ms  DeleteObjects: 0.072200 ms)

========================================================================
Received Prepare
Refreshing native plugins compatible for Editor in 1.29 ms, found 0 plugins.
Preloading 0 native plugins for Editor in 0.00 ms.
Unloading 8 Unused Serialized files (Serialized files now loaded: 0)
System memory in use before: 40.8 MB.
System memory in use after: 40.9 MB.

Unloading 8 unused Assets to reduce memory usage. Loaded Objects now: 1885.
Total: 1.769600 ms (FindLiveObjects: 0.166900 ms CreateObjectMapping: 0.040300 ms MarkObjects: 1.515300 ms  DeleteObjects: 0.046200 ms)

========================================================================
Received Prepare
Refreshing native plugins compatible for Editor in 1.25 ms, found 0 plugins.
Preloading 0 native plugins for Editor in 0.00 ms.
Unloading 8 Unused Serialized files (Serialized files now loaded: 0)
System memory in use before: 40.8 MB.
System memory in use after: 40.9 MB.

Unloading 8 unused Assets to reduce memory usage. Loaded Objects now: 1885.
Total: 3.556800 ms (FindLiveObjects: 0.525600 ms CreateObjectMapping: 0.176400 ms MarkObjects: 2.757700 ms  DeleteObjects: 0.094300 ms)

========================================================================
Received Prepare
Registering precompiled user dll's ...
Registered in 0.002018 seconds.
Begin MonoManager ReloadAssembly
Native extension for WindowsStandalone target not found
Refreshing native plugins compatible for Editor in 0.25 ms, found 0 plugins.
Preloading 0 native plugins for Editor in 0.00 ms.
Invoked RoslynAnalysisRunner static constructor.
RoslynAnalysisRunner will not be running.
RoslynAnalysisRunner has terminated.
Mono: successfully reloaded assembly
- Completed reload, in  0.736 seconds
Platform modules already initialized, skipping
Refreshing native plugins compatible for Editor in 0.29 ms, found 0 plugins.
Preloading 0 native plugins for Editor in 0.00 ms.
Unloading 1355 Unused Serialized files (Serialized files now loaded: 0)
System memory in use before: 67.7 MB.
System memory in use after: 67.8 MB.

Unloading 10 unused Assets to reduce memory usage. Loaded Objects now: 1887.
Total: 1.734400 ms (FindLiveObjects: 0.161200 ms CreateObjectMapping: 0.042100 ms MarkObjects: 1.479600 ms  DeleteObjects: 0.050600 ms)

========================================================================
Received Import Request.
  Time since last request: 826.184134 seconds.
  path: Assets/Prefabs/Player.prefab
  artifactKey: Guid(54e44acfd43f3e54baf9d80e6df21c10) Importer(815301076,1909f56bfc062723c751e8b465ee728b)
Start importing Assets/Prefabs/Player.prefab using Guid(54e44acfd43f3e54baf9d80e6df21c10) Importer(815301076,1909f56bfc062723c751e8b465ee728b)  -> (artifact id: '0ef638da63b5cacf52dc3c0d1eeacb6a') in 0.060712 seconds
  Import took 0.063347 seconds .

========================================================================
Received Import Request.
  Time since last request: 4.904098 seconds.
  path: Assets/Prefabs/Player.prefab
  artifactKey: Guid(54e44acfd43f3e54baf9d80e6df21c10) Importer(815301076,1909f56bfc062723c751e8b465ee728b)
Start importing Assets/Prefabs/Player.prefab using Guid(54e44acfd43f3e54baf9d80e6df21c10) Importer(815301076,1909f56bfc062723c751e8b465ee728b)  -> (artifact id: 'efaba4ac97f3fa876e3f9e71f15d9751') in 0.010774 seconds
  Import took 0.013364 seconds .

========================================================================
Received Import Request.
  Time since last request: 0.010759 seconds.
  path: Assets/Prefabs/Player.prefab
  artifactKey: Guid(54e44acfd43f3e54baf9d80e6df21c10) Importer(815301076,1909f56bfc062723c751e8b465ee728b)
Start importing Assets/Prefabs/Player.prefab using Guid(54e44acfd43f3e54baf9d80e6df21c10) Importer(815301076,1909f56bfc062723c751e8b465ee728b)  -> (artifact id: 'efaba4ac97f3fa876e3f9e71f15d9751') in 0.009052 seconds
  Import took 0.011525 seconds .

========================================================================
Received Prepare
Refreshing native plugins compatible for Editor in 1.62 ms, found 0 plugins.
Preloading 0 native plugins for Editor in 0.00 ms.
Unloading 8 Unused Serialized files (Serialized files now loaded: 0)
System memory in use before: 41.0 MB.
System memory in use after: 41.1 MB.

Unloading 9 unused Assets to reduce memory usage. Loaded Objects now: 1888.
Total: 2.750900 ms (FindLiveObjects: 0.304100 ms CreateObjectMapping: 0.071800 ms MarkObjects: 2.307100 ms  DeleteObjects: 0.065800 ms)

========================================================================
Received Prepare
Registering precompiled user dll's ...
Registered in 0.001665 seconds.
Begin MonoManager ReloadAssembly
Native extension for WindowsStandalone target not found
Refreshing native plugins compatible for Editor in 0.72 ms, found 0 plugins.
Preloading 0 native plugins for Editor in 0.00 ms.
Invoked RoslynAnalysisRunner static constructor.
RoslynAnalysisRunner will not be running.
RoslynAnalysisRunner has terminated.
Mono: successfully reloaded assembly
- Completed reload, in  0.841 seconds
Platform modules already initialized, skipping
Refreshing native plugins compatible for Editor in 0.31 ms, found 0 plugins.
Preloading 0 native plugins for Editor in 0.00 ms.
Unloading 1355 Unused Serialized files (Serialized files now loaded: 0)
System memory in use before: 67.8 MB.
System memory in use after: 67.8 MB.

Unloading 10 unused Assets to reduce memory usage. Loaded Objects now: 1890.
Total: 2.004600 ms (FindLiveObjects: 0.373100 ms CreateObjectMapping: 0.100400 ms MarkObjects: 1.477900 ms  DeleteObjects: 0.051300 ms)

========================================================================
Received Prepare
Registering precompiled user dll's ...
Registered in 0.001457 seconds.
Begin MonoManager ReloadAssembly
Native extension for WindowsStandalone target not found
Refreshing native plugins compatible for Editor in 0.28 ms, found 0 plugins.
Preloading 0 native plugins for Editor in 0.00 ms.
Invoked RoslynAnalysisRunner static constructor.
RoslynAnalysisRunner will not be running.
RoslynAnalysisRunner has terminated.
Mono: successfully reloaded assembly
- Completed reload, in  0.769 seconds
Platform modules already initialized, skipping
Refreshing native plugins compatible for Editor in 0.32 ms, found 0 plugins.
Preloading 0 native plugins for Editor in 0.00 ms.
Unloading 1355 Unused Serialized files (Serialized files now loaded: 0)
System memory in use before: 67.8 MB.
System memory in use after: 67.8 MB.

Unloading 10 unused Assets to reduce memory usage. Loaded Objects now: 1892.
Total: 2.083600 ms (FindLiveObjects: 0.209900 ms CreateObjectMapping: 0.052200 ms MarkObjects: 1.746500 ms  DeleteObjects: 0.073100 ms)

========================================================================
Received Import Request.
  Time since last request: 1259.543809 seconds.
  path: Assets/Scripts/GameManager.cs
  artifactKey: Guid(6f9a6f1b1eb30014ca04b68651744985) Importer(815301076,1909f56bfc062723c751e8b465ee728b)
Start importing Assets/Scripts/GameManager.cs using Guid(6f9a6f1b1eb30014ca04b68651744985) Importer(815301076,1909f56bfc062723c751e8b465ee728b)  -> (artifact id: 'a6df20c8b4e9de3d44685a62883badd3') in 0.009630 seconds
  Import took 0.012169 seconds .

========================================================================
Received Prepare
Registering precompiled user dll's ...
Registered in 0.001341 seconds.
Begin MonoManager ReloadAssembly
Native extension for WindowsStandalone target not found
Refreshing native plugins compatible for Editor in 0.24 ms, found 0 plugins.
Preloading 0 native plugins for Editor in 0.00 ms.
Invoked RoslynAnalysisRunner static constructor.
RoslynAnalysisRunner will not be running.
RoslynAnalysisRunner has terminated.
Mono: successfully reloaded assembly
- Completed reload, in  0.747 seconds
Platform modules already initialized, skipping
Refreshing native plugins compatible for Editor in 0.39 ms, found 0 plugins.
Preloading 0 native plugins for Editor in 0.00 ms.
Unloading 1356 Unused Serialized files (Serialized files now loaded: 0)
System memory in use before: 67.8 MB.
System memory in use after: 67.9 MB.

Unloading 10 unused Assets to reduce memory usage. Loaded Objects now: 1895.
Total: 1.807200 ms (FindLiveObjects: 0.196700 ms CreateObjectMapping: 0.048400 ms MarkObjects: 1.497800 ms  DeleteObjects: 0.062700 ms)

========================================================================
Received Import Request.
  Time since last request: 14.266503 seconds.
  path: Assets/Scripts/PlayerManager.cs
  artifactKey: Guid(04b9097e0aa02fc4e8f5ec9abde34e69) Importer(815301076,1909f56bfc062723c751e8b465ee728b)
Start importing Assets/Scripts/PlayerManager.cs using Guid(04b9097e0aa02fc4e8f5ec9abde34e69) Importer(815301076,1909f56bfc062723c751e8b465ee728b)  -> (artifact id: 'd5af72e214d4f1708e19d7089a97cb14') in 0.010589 seconds
  Import took 0.013300 seconds .

========================================================================
Received Prepare
Registering precompiled user dll's ...
Registered in 0.001350 seconds.
Begin MonoManager ReloadAssembly
Native extension for WindowsStandalone target not found
Refreshing native plugins compatible for Editor in 0.31 ms, found 0 plugins.
Preloading 0 native plugins for Editor in 0.00 ms.
Invoked RoslynAnalysisRunner static constructor.
RoslynAnalysisRunner will not be running.
RoslynAnalysisRunner has terminated.
Mono: successfully reloaded assembly
- Completed reload, in  0.825 seconds
Platform modules already initialized, skipping
Refreshing native plugins compatible for Editor in 0.28 ms, found 0 plugins.
Preloading 0 native plugins for Editor in 0.00 ms.
Unloading 1357 Unused Serialized files (Serialized files now loaded: 0)
System memory in use before: 67.8 MB.
System memory in use after: 67.9 MB.

Unloading 10 unused Assets to reduce memory usage. Loaded Objects now: 1898.
Total: 1.876300 ms (FindLiveObjects: 0.220200 ms CreateObjectMapping: 0.047000 ms MarkObjects: 1.554300 ms  DeleteObjects: 0.053600 ms)

========================================================================
Received Prepare
Registering precompiled user dll's ...
Registered in 0.001613 seconds.
Begin MonoManager ReloadAssembly
Native extension for WindowsStandalone target not found
Refreshing native plugins compatible for Editor in 0.30 ms, found 0 plugins.
Preloading 0 native plugins for Editor in 0.00 ms.
Invoked RoslynAnalysisRunner static constructor.
RoslynAnalysisRunner will not be running.
RoslynAnalysisRunner has terminated.
Mono: successfully reloaded assembly
- Completed reload, in  0.709 seconds
Platform modules already initialized, skipping
Refreshing native plugins compatible for Editor in 0.25 ms, found 0 plugins.
Preloading 0 native plugins for Editor in 0.00 ms.
Unloading 1357 Unused Serialized files (Serialized files now loaded: 0)
System memory in use before: 67.8 MB.
System memory in use after: 67.9 MB.

Unloading 10 unused Assets to reduce memory usage. Loaded Objects now: 1900.
Total: 1.576400 ms (FindLiveObjects: 0.163000 ms CreateObjectMapping: 0.062100 ms MarkObjects: 1.299700 ms  DeleteObjects: 0.050400 ms)

========================================================================
Received Import Request.
  Time since last request: 1313.344426 seconds.
  path: Assets/Scripts/GameManager.cs
  artifactKey: Guid(6f9a6f1b1eb30014ca04b68651744985) Importer(815301076,1909f56bfc062723c751e8b465ee728b)
Start importing Assets/Scripts/GameManager.cs using Guid(6f9a6f1b1eb30014ca04b68651744985) Importer(815301076,1909f56bfc062723c751e8b465ee728b)  -> (artifact id: 'a180cc4c066aab44f52f3ba739ab84d3') in 0.003647 seconds
  Import took 0.006008 seconds .

========================================================================
Received Prepare
Refreshing native plugins compatible for Editor in 1.14 ms, found 0 plugins.
Preloading 0 native plugins for Editor in 0.00 ms.
Unloading 8 Unused Serialized files (Serialized files now loaded: 0)
System memory in use before: 40.9 MB.
System memory in use after: 41.0 MB.

Unloading 8 unused Assets to reduce memory usage. Loaded Objects now: 1900.
Total: 1.879700 ms (FindLiveObjects: 0.199900 ms CreateObjectMapping: 0.048600 ms MarkObjects: 1.578700 ms  DeleteObjects: 0.051600 ms)

========================================================================
Received Prepare
Registering precompiled user dll's ...
Registered in 0.002096 seconds.
Begin MonoManager ReloadAssembly
Native extension for WindowsStandalone target not found
Refreshing native plugins compatible for Editor in 0.25 ms, found 0 plugins.
Preloading 0 native plugins for Editor in 0.00 ms.
Invoked RoslynAnalysisRunner static constructor.
RoslynAnalysisRunner will not be running.
RoslynAnalysisRunner has terminated.
Mono: successfully reloaded assembly
- Completed reload, in  0.681 seconds
Platform modules already initialized, skipping
Refreshing native plugins compatible for Editor in 0.26 ms, found 0 plugins.
Preloading 0 native plugins for Editor in 0.00 ms.
Unloading 1357 Unused Serialized files (Serialized files now loaded: 0)
System memory in use before: 67.8 MB.
System memory in use after: 67.9 MB.

Unloading 10 unused Assets to reduce memory usage. Loaded Objects now: 1902.
Total: 1.869900 ms (FindLiveObjects: 0.318200 ms CreateObjectMapping: 0.062800 ms MarkObjects: 1.396100 ms  DeleteObjects: 0.091600 ms)

========================================================================
Received Import Request.
  Time since last request: 26.786366 seconds.
  path: Assets/Prefabs/Player.prefab
  artifactKey: Guid(54e44acfd43f3e54baf9d80e6df21c10) Importer(815301076,1909f56bfc062723c751e8b465ee728b)
Start importing Assets/Prefabs/Player.prefab using Guid(54e44acfd43f3e54baf9d80e6df21c10) Importer(815301076,1909f56bfc062723c751e8b465ee728b)  -> (artifact id: '246a500fc1fe13c1da1f629b08f8e366') in 0.066270 seconds
  Import took 0.070447 seconds .

========================================================================
Received Prepare
Registering precompiled user dll's ...
Registered in 0.001437 seconds.
Begin MonoManager ReloadAssembly
Native extension for WindowsStandalone target not found
Refreshing native plugins compatible for Editor in 0.27 ms, found 0 plugins.
Preloading 0 native plugins for Editor in 0.00 ms.
Invoked RoslynAnalysisRunner static constructor.
RoslynAnalysisRunner will not be running.
RoslynAnalysisRunner has terminated.
Mono: successfully reloaded assembly
- Completed reload, in  0.675 seconds
Platform modules already initialized, skipping
Refreshing native plugins compatible for Editor in 0.24 ms, found 0 plugins.
Preloading 0 native plugins for Editor in 0.00 ms.
Unloading 1357 Unused Serialized files (Serialized files now loaded: 0)
System memory in use before: 67.8 MB.
System memory in use after: 67.9 MB.

Unloading 11 unused Assets to reduce memory usage. Loaded Objects now: 1905.
Total: 1.661800 ms (FindLiveObjects: 0.191600 ms CreateObjectMapping: 0.040500 ms MarkObjects: 1.376900 ms  DeleteObjects: 0.050900 ms)

========================================================================
Received Import Request.
  Time since last request: 115.316616 seconds.
  path: Assets/Prefabs/Player.prefab
  artifactKey: Guid(54e44acfd43f3e54baf9d80e6df21c10) Importer(815301076,1909f56bfc062723c751e8b465ee728b)
Start importing Assets/Prefabs/Player.prefab using Guid(54e44acfd43f3e54baf9d80e6df21c10) Importer(815301076,1909f56bfc062723c751e8b465ee728b)  -> (artifact id: '98304526a8377249d6d03150334789a8') in 0.055498 seconds
  Import took 0.058451 seconds .

========================================================================
Received Import Request.
  Time since last request: 3.255758 seconds.
  path: Assets/Mirror/Components/Mirror.Components.asmdef
  artifactKey: Guid(72872094b21c16e48b631b2224833d49) Importer(815301076,1909f56bfc062723c751e8b465ee728b)
Start importing Assets/Mirror/Components/Mirror.Components.asmdef using Guid(72872094b21c16e48b631b2224833d49) Importer(815301076,1909f56bfc062723c751e8b465ee728b)  -> (artifact id: '46a0377cde9c29f8bb30b55d157c19f9') in 0.010359 seconds
  Import took 0.013629 seconds .

========================================================================
Received Import Request.
  Time since last request: 0.003448 seconds.
  path: Assets/Mirror/Components/Mirror.Components.asmdef
  artifactKey: Guid(72872094b21c16e48b631b2224833d49) Importer(815301076,1909f56bfc062723c751e8b465ee728b)
Start importing Assets/Mirror/Components/Mirror.Components.asmdef using Guid(72872094b21c16e48b631b2224833d49) Importer(815301076,1909f56bfc062723c751e8b465ee728b)  -> (artifact id: '46a0377cde9c29f8bb30b55d157c19f9') in 0.002718 seconds
  Import took 0.005892 seconds .

========================================================================
Received Prepare
Registering precompiled user dll's ...
Registered in 0.001391 seconds.
Begin MonoManager ReloadAssembly
Native extension for WindowsStandalone target not found
Refreshing native plugins compatible for Editor in 0.57 ms, found 0 plugins.
Preloading 0 native plugins for Editor in 0.00 ms.
Invoked RoslynAnalysisRunner static constructor.
RoslynAnalysisRunner will not be running.
RoslynAnalysisRunner has terminated.
Mono: successfully reloaded assembly
- Completed reload, in  0.946 seconds
Platform modules already initialized, skipping
Refreshing native plugins compatible for Editor in 0.36 ms, found 0 plugins.
Preloading 0 native plugins for Editor in 0.00 ms.
Unloading 1357 Unused Serialized files (Serialized files now loaded: 0)
System memory in use before: 67.8 MB.
System memory in use after: 67.9 MB.

Unloading 11 unused Assets to reduce memory usage. Loaded Objects now: 1908.
Total: 2.235200 ms (FindLiveObjects: 0.233100 ms CreateObjectMapping: 0.055800 ms MarkObjects: 1.870100 ms  DeleteObjects: 0.075000 ms)

========================================================================
Received Prepare
Refreshing native plugins compatible for Editor in 1.91 ms, found 0 plugins.
Preloading 0 native plugins for Editor in 0.00 ms.
Unloading 8 Unused Serialized files (Serialized files now loaded: 0)
System memory in use before: 40.9 MB.
System memory in use after: 41.0 MB.

Unloading 8 unused Assets to reduce memory usage. Loaded Objects now: 1908.
Total: 1.999700 ms (FindLiveObjects: 0.190400 ms CreateObjectMapping: 0.045100 ms MarkObjects: 1.705900 ms  DeleteObjects: 0.057500 ms)

========================================================================
Received Prepare
Registering precompiled user dll's ...
Registered in 0.002354 seconds.
Begin MonoManager ReloadAssembly
Native extension for WindowsStandalone target not found
Refreshing native plugins compatible for Editor in 0.56 ms, found 0 plugins.
Preloading 0 native plugins for Editor in 0.00 ms.
Invoked RoslynAnalysisRunner static constructor.
RoslynAnalysisRunner will not be running.
RoslynAnalysisRunner has terminated.
Mono: successfully reloaded assembly
- Completed reload, in  0.707 seconds
Platform modules already initialized, skipping
Refreshing native plugins compatible for Editor in 0.25 ms, found 0 plugins.
Preloading 0 native plugins for Editor in 0.00 ms.
Unloading 1357 Unused Serialized files (Serialized files now loaded: 0)
System memory in use before: 67.8 MB.
System memory in use after: 67.9 MB.

Unloading 10 unused Assets to reduce memory usage. Loaded Objects now: 1910.
Total: 1.759100 ms (FindLiveObjects: 0.223900 ms CreateObjectMapping: 0.055900 ms MarkObjects: 1.426300 ms  DeleteObjects: 0.051400 ms)

========================================================================
Received Prepare
Registering precompiled user dll's ...
Registered in 0.001503 seconds.
Begin MonoManager ReloadAssembly
Native extension for WindowsStandalone target not found
Refreshing native plugins compatible for Editor in 0.24 ms, found 0 plugins.
Preloading 0 native plugins for Editor in 0.00 ms.
Invoked RoslynAnalysisRunner static constructor.
RoslynAnalysisRunner will not be running.
RoslynAnalysisRunner has terminated.
Mono: successfully reloaded assembly
- Completed reload, in  0.663 seconds
Platform modules already initialized, skipping
Refreshing native plugins compatible for Editor in 0.25 ms, found 0 plugins.
Preloading 0 native plugins for Editor in 0.00 ms.
Unloading 1357 Unused Serialized files (Serialized files now loaded: 0)
System memory in use before: 67.9 MB.
System memory in use after: 67.9 MB.

Unloading 10 unused Assets to reduce memory usage. Loaded Objects now: 1912.
Total: 1.621000 ms (FindLiveObjects: 0.153400 ms CreateObjectMapping: 0.037900 ms MarkObjects: 1.381900 ms  DeleteObjects: 0.046900 ms)

========================================================================
Received Prepare
Registering precompiled user dll's ...
Registered in 0.001993 seconds.
Begin MonoManager ReloadAssembly
Native extension for WindowsStandalone target not found
Refreshing native plugins compatible for Editor in 0.29 ms, found 0 plugins.
Preloading 0 native plugins for Editor in 0.00 ms.
Invoked RoslynAnalysisRunner static constructor.
RoslynAnalysisRunner will not be running.
RoslynAnalysisRunner has terminated.
Mono: successfully reloaded assembly
- Completed reload, in  0.706 seconds
Platform modules already initialized, skipping
Refreshing native plugins compatible for Editor in 0.25 ms, found 0 plugins.
Preloading 0 native plugins for Editor in 0.00 ms.
Unloading 1357 Unused Serialized files (Serialized files now loaded: 0)
System memory in use before: 67.9 MB.
System memory in use after: 67.9 MB.

Unloading 10 unused Assets to reduce memory usage. Loaded Objects now: 1914.
Total: 2.029800 ms (FindLiveObjects: 0.204700 ms CreateObjectMapping: 0.052100 ms MarkObjects: 1.724800 ms  DeleteObjects: 0.046900 ms)

========================================================================
Received Prepare
Registering precompiled user dll's ...
Registered in 0.001849 seconds.
Begin MonoManager ReloadAssembly
Native extension for WindowsStandalone target not found
Refreshing native plugins compatible for Editor in 0.26 ms, found 0 plugins.
Preloading 0 native plugins for Editor in 0.00 ms.
Invoked RoslynAnalysisRunner static constructor.
RoslynAnalysisRunner will not be running.
RoslynAnalysisRunner has terminated.
Mono: successfully reloaded assembly
- Completed reload, in  0.715 seconds
Platform modules already initialized, skipping
Refreshing native plugins compatible for Editor in 0.24 ms, found 0 plugins.
Preloading 0 native plugins for Editor in 0.00 ms.
Unloading 1357 Unused Serialized files (Serialized files now loaded: 0)
System memory in use before: 67.9 MB.
System memory in use after: 67.9 MB.

Unloading 10 unused Assets to reduce memory usage. Loaded Objects now: 1916.
Total: 1.633700 ms (FindLiveObjects: 0.164400 ms CreateObjectMapping: 0.038100 ms MarkObjects: 1.379100 ms  DeleteObjects: 0.050800 ms)

========================================================================
Received Prepare
Registering precompiled user dll's ...
Registered in 0.001417 seconds.
Begin MonoManager ReloadAssembly
Native extension for WindowsStandalone target not found
Refreshing native plugins compatible for Editor in 0.34 ms, found 0 plugins.
Preloading 0 native plugins for Editor in 0.00 ms.
Invoked RoslynAnalysisRunner static constructor.
RoslynAnalysisRunner will not be running.
RoslynAnalysisRunner has terminated.
Mono: successfully reloaded assembly
- Completed reload, in  0.677 seconds
Platform modules already initialized, skipping
Refreshing native plugins compatible for Editor in 0.35 ms, found 0 plugins.
Preloading 0 native plugins for Editor in 0.00 ms.
Unloading 1357 Unused Serialized files (Serialized files now loaded: 0)
System memory in use before: 67.9 MB.
System memory in use after: 67.9 MB.

Unloading 10 unused Assets to reduce memory usage. Loaded Objects now: 1918.
Total: 2.020800 ms (FindLiveObjects: 0.199400 ms CreateObjectMapping: 0.060200 ms MarkObjects: 1.703200 ms  DeleteObjects: 0.056900 ms)

========================================================================
Received Prepare
Registering precompiled user dll's ...
Registered in 0.001369 seconds.
Begin MonoManager ReloadAssembly
Native extension for WindowsStandalone target not found
Refreshing native plugins compatible for Editor in 0.54 ms, found 0 plugins.
Preloading 0 native plugins for Editor in 0.00 ms.
Invoked RoslynAnalysisRunner static constructor.
RoslynAnalysisRunner will not be running.
RoslynAnalysisRunner has terminated.
Mono: successfully reloaded assembly
- Completed reload, in  0.858 seconds
Platform modules already initialized, skipping
Refreshing native plugins compatible for Editor in 0.28 ms, found 0 plugins.
Preloading 0 native plugins for Editor in 0.00 ms.
Unloading 1357 Unused Serialized files (Serialized files now loaded: 0)
System memory in use before: 67.9 MB.
System memory in use after: 68.0 MB.

Unloading 10 unused Assets to reduce memory usage. Loaded Objects now: 1920.
Total: 1.897800 ms (FindLiveObjects: 0.214400 ms CreateObjectMapping: 0.045600 ms MarkObjects: 1.535900 ms  DeleteObjects: 0.100700 ms)

========================================================================
Received Prepare
Refreshing native plugins compatible for Editor in 1.09 ms, found 0 plugins.
Preloading 0 native plugins for Editor in 0.00 ms.
Unloading 8 Unused Serialized files (Serialized files now loaded: 0)
System memory in use before: 40.9 MB.
System memory in use after: 41.0 MB.

Unloading 8 unused Assets to reduce memory usage. Loaded Objects now: 1920.
Total: 2.066300 ms (FindLiveObjects: 0.289700 ms CreateObjectMapping: 0.065600 ms MarkObjects: 1.653700 ms  DeleteObjects: 0.056100 ms)

========================================================================
Received Prepare
Registering precompiled user dll's ...
Registered in 0.001627 seconds.
Begin MonoManager ReloadAssembly
Native extension for WindowsStandalone target not found
Refreshing native plugins compatible for Editor in 0.27 ms, found 0 plugins.
Preloading 0 native plugins for Editor in 0.00 ms.
Invoked RoslynAnalysisRunner static constructor.
RoslynAnalysisRunner will not be running.
RoslynAnalysisRunner has terminated.
Mono: successfully reloaded assembly
- Completed reload, in  0.898 seconds
Platform modules already initialized, skipping
Refreshing native plugins compatible for Editor in 0.30 ms, found 0 plugins.
Preloading 0 native plugins for Editor in 0.00 ms.
Unloading 1357 Unused Serialized files (Serialized files now loaded: 0)
System memory in use before: 67.9 MB.
System memory in use after: 68.0 MB.

Unloading 10 unused Assets to reduce memory usage. Loaded Objects now: 1922.
Total: 1.953700 ms (FindLiveObjects: 0.254400 ms CreateObjectMapping: 0.075700 ms MarkObjects: 1.571300 ms  DeleteObjects: 0.051200 ms)

========================================================================
Received Prepare
Registering precompiled user dll's ...
Registered in 0.001439 seconds.
Begin MonoManager ReloadAssembly
Native extension for WindowsStandalone target not found
Refreshing native plugins compatible for Editor in 0.26 ms, found 0 plugins.
Preloading 0 native plugins for Editor in 0.00 ms.
Invoked RoslynAnalysisRunner static constructor.
RoslynAnalysisRunner will not be running.
RoslynAnalysisRunner has terminated.
Mono: successfully reloaded assembly
- Completed reload, in  0.728 seconds
Platform modules already initialized, skipping
Refreshing native plugins compatible for Editor in 0.46 ms, found 0 plugins.
Preloading 0 native plugins for Editor in 0.00 ms.
Unloading 1357 Unused Serialized files (Serialized files now loaded: 0)
System memory in use before: 67.9 MB.
System memory in use after: 68.0 MB.

Unloading 10 unused Assets to reduce memory usage. Loaded Objects now: 1924.
Total: 2.472000 ms (FindLiveObjects: 0.373000 ms CreateObjectMapping: 0.091000 ms MarkObjects: 1.926900 ms  DeleteObjects: 0.079000 ms)

AssetImportWorkerClient::OnTransportError - code=2 error=End of file
